
*** Running vivado
    with args -log lab1_top.vds -m64 -product Vivado -mode batch -messageDb vivado.pb -notrace -source lab1_top.tcl


****** Vivado v2019.2 (64-bit)
  **** SW Build 2708876 on Wed Nov  6 21:39:14 MST 2019
  **** IP Build 2700528 on Thu Nov  7 00:09:20 MST 2019
    ** Copyright 1986-2019 Xilinx, Inc. All Rights Reserved.

source lab1_top.tcl -notrace
INFO: [IP_Flow 19-234] Refreshing IP repositories
INFO: [IP_Flow 19-1700] Loaded user IP repository '/home/users/aarzooag/ee108/hdmi_tx_ip'.
INFO: [IP_Flow 19-2313] Loaded Vivado IP repository '/cad/xilinx/vivado/2019.2/Vivado/2019.2/data/ip'.
Command: synth_design -top lab1_top -part xc7z020clg400-1
Starting synth_design
Attempting to get a license for feature 'Synthesis' and/or device 'xc7z020'
INFO: [Common 17-349] Got license for feature 'Synthesis' and/or device 'xc7z020'
INFO: [Device 21-403] Loading part xc7z020clg400-1
INFO: Launching helper process for spawning children vivado processes
INFO: Helper process launched with PID 827001 
---------------------------------------------------------------------------------
Starting RTL Elaboration : Time (s): cpu = 00:00:03 ; elapsed = 00:00:07 . Memory (MB): peak = 1989.875 ; gain = 200.621 ; free physical = 132621 ; free virtual = 167417
---------------------------------------------------------------------------------
INFO: [Synth 8-6157] synthesizing module 'lab1_top' [/home/users/aarzooag/ee108/lab1/lab1starterfiles/lab1_top.v:1]
INFO: [Synth 8-6157] synthesizing module 'clk_wiz_0' [/home/users/aarzooag/ee108/lab1/lab1/lab1.runs/synth_1/.Xil/Vivado-825367-iron-02/realtime/clk_wiz_0_stub.v:5]
INFO: [Synth 8-6155] done synthesizing module 'clk_wiz_0' (1#1) [/home/users/aarzooag/ee108/lab1/lab1/lab1.runs/synth_1/.Xil/Vivado-825367-iron-02/realtime/clk_wiz_0_stub.v:5]
INFO: [Synth 8-6157] synthesizing module 'hdmi_tx_0' [/home/users/aarzooag/ee108/lab1/lab1/lab1.runs/synth_1/.Xil/Vivado-825367-iron-02/realtime/hdmi_tx_0_stub.v:6]
INFO: [Synth 8-6155] done synthesizing module 'hdmi_tx_0' (2#1) [/home/users/aarzooag/ee108/lab1/lab1/lab1.runs/synth_1/.Xil/Vivado-825367-iron-02/realtime/hdmi_tx_0_stub.v:6]
INFO: [Synth 8-6157] synthesizing module 'verifier' [/home/users/aarzooag/ee108/lab1/lab1starterfiles/verifier.v:1]
INFO: [Synth 8-6157] synthesizing module 'length_finder' [/home/users/aarzooag/ee108/lab1/lab1starterfiles/length_finder.v:1]
INFO: [Synth 8-6157] synthesizing module 'arbiter' [/home/users/aarzooag/ee108/lab1/lab1starterfiles/arbiter.v:1]
INFO: [Synth 8-6155] done synthesizing module 'arbiter' (3#1) [/home/users/aarzooag/ee108/lab1/lab1starterfiles/arbiter.v:1]
INFO: [Synth 8-6157] synthesizing module 'encoder' [/home/users/aarzooag/ee108/lab1/lab1starterfiles/encoder.v:1]
INFO: [Synth 8-6155] done synthesizing module 'encoder' (4#1) [/home/users/aarzooag/ee108/lab1/lab1starterfiles/encoder.v:1]
WARNING: [Synth 8-689] width (3) of port connection 'out' does not match port width (4) of module 'encoder' [/home/users/aarzooag/ee108/lab1/lab1starterfiles/length_finder.v:22]
INFO: [Synth 8-6155] done synthesizing module 'length_finder' (5#1) [/home/users/aarzooag/ee108/lab1/lab1starterfiles/length_finder.v:1]
INFO: [Synth 8-6157] synthesizing module 'hasher' [/home/users/aarzooag/ee108/lab1/lab1starterfiles/hasher.v:1]
INFO: [Synth 8-6157] synthesizing module 'hash_round' [/home/users/aarzooag/ee108/lab1/lab1starterfiles/hash_round.v:1]
	Parameter ROUND bound to: 0 - type: integer 
INFO: [Synth 8-6157] synthesizing module 'rotator' [/home/users/aarzooag/ee108/lab1/lab1starterfiles/rotator.v:1]
	Parameter WIDTH bound to: 8 - type: integer 
INFO: [Synth 8-6155] done synthesizing module 'rotator' (6#1) [/home/users/aarzooag/ee108/lab1/lab1starterfiles/rotator.v:1]
INFO: [Synth 8-6155] done synthesizing module 'hash_round' (7#1) [/home/users/aarzooag/ee108/lab1/lab1starterfiles/hash_round.v:1]
INFO: [Synth 8-6157] synthesizing module 'hash_round__parameterized0' [/home/users/aarzooag/ee108/lab1/lab1starterfiles/hash_round.v:1]
	Parameter ROUND bound to: 1 - type: integer 
INFO: [Synth 8-6155] done synthesizing module 'hash_round__parameterized0' (7#1) [/home/users/aarzooag/ee108/lab1/lab1starterfiles/hash_round.v:1]
INFO: [Synth 8-6157] synthesizing module 'hash_round__parameterized1' [/home/users/aarzooag/ee108/lab1/lab1starterfiles/hash_round.v:1]
	Parameter ROUND bound to: 2 - type: integer 
INFO: [Synth 8-6155] done synthesizing module 'hash_round__parameterized1' (7#1) [/home/users/aarzooag/ee108/lab1/lab1starterfiles/hash_round.v:1]
INFO: [Synth 8-6157] synthesizing module 'hash_round__parameterized2' [/home/users/aarzooag/ee108/lab1/lab1starterfiles/hash_round.v:1]
	Parameter ROUND bound to: 3 - type: integer 
INFO: [Synth 8-6155] done synthesizing module 'hash_round__parameterized2' (7#1) [/home/users/aarzooag/ee108/lab1/lab1starterfiles/hash_round.v:1]
INFO: [Synth 8-6157] synthesizing module 'hash_round__parameterized3' [/home/users/aarzooag/ee108/lab1/lab1starterfiles/hash_round.v:1]
	Parameter ROUND bound to: 4 - type: integer 
INFO: [Synth 8-6155] done synthesizing module 'hash_round__parameterized3' (7#1) [/home/users/aarzooag/ee108/lab1/lab1starterfiles/hash_round.v:1]
INFO: [Synth 8-6157] synthesizing module 'hash_round__parameterized4' [/home/users/aarzooag/ee108/lab1/lab1starterfiles/hash_round.v:1]
	Parameter ROUND bound to: 5 - type: integer 
INFO: [Synth 8-6155] done synthesizing module 'hash_round__parameterized4' (7#1) [/home/users/aarzooag/ee108/lab1/lab1starterfiles/hash_round.v:1]
INFO: [Synth 8-6157] synthesizing module 'hash_round__parameterized5' [/home/users/aarzooag/ee108/lab1/lab1starterfiles/hash_round.v:1]
	Parameter ROUND bound to: 6 - type: integer 
INFO: [Synth 8-6155] done synthesizing module 'hash_round__parameterized5' (7#1) [/home/users/aarzooag/ee108/lab1/lab1starterfiles/hash_round.v:1]
INFO: [Synth 8-6157] synthesizing module 'hash_round__parameterized6' [/home/users/aarzooag/ee108/lab1/lab1starterfiles/hash_round.v:1]
	Parameter ROUND bound to: 7 - type: integer 
INFO: [Synth 8-6155] done synthesizing module 'hash_round__parameterized6' (7#1) [/home/users/aarzooag/ee108/lab1/lab1starterfiles/hash_round.v:1]
INFO: [Synth 8-6157] synthesizing module 'rotator__parameterized0' [/home/users/aarzooag/ee108/lab1/lab1starterfiles/rotator.v:1]
	Parameter WIDTH bound to: 32 - type: integer 
INFO: [Synth 8-6155] done synthesizing module 'rotator__parameterized0' (7#1) [/home/users/aarzooag/ee108/lab1/lab1starterfiles/rotator.v:1]
INFO: [Synth 8-6155] done synthesizing module 'hasher' (8#1) [/home/users/aarzooag/ee108/lab1/lab1starterfiles/hasher.v:1]
INFO: [Synth 8-6157] synthesizing module 'cam' [/home/users/aarzooag/ee108/lab1/lab1starterfiles/cam.v:1]
WARNING: [Synth 8-689] width (3) of port connection 'out' does not match port width (4) of module 'encoder' [/home/users/aarzooag/ee108/lab1/lab1starterfiles/cam.v:24]
INFO: [Synth 8-6155] done synthesizing module 'cam' (9#1) [/home/users/aarzooag/ee108/lab1/lab1starterfiles/cam.v:1]
INFO: [Synth 8-6157] synthesizing module 'hash_rom' [/home/users/aarzooag/ee108/lab1/lab1starterfiles/hash_rom.v:1]
INFO: [Synth 8-226] default block is never used [/home/users/aarzooag/ee108/lab1/lab1starterfiles/hash_rom.v:8]
INFO: [Synth 8-6155] done synthesizing module 'hash_rom' (10#1) [/home/users/aarzooag/ee108/lab1/lab1starterfiles/hash_rom.v:1]
INFO: [Synth 8-6155] done synthesizing module 'verifier' (11#1) [/home/users/aarzooag/ee108/lab1/lab1starterfiles/verifier.v:1]
INFO: [Synth 8-6157] synthesizing module 'lab1_interface' [/home/users/aarzooag/ee108/lab1/lab1starterfiles/lab1_interface.v:13]
	Parameter BPU_WIDTH bound to: 20 - type: integer 
INFO: [Synth 8-6157] synthesizing module 'dff' [/home/users/aarzooag/ee108/lab1/lab1starterfiles/ff_lib.v:3]
	Parameter WIDTH bound to: 27 - type: integer 
INFO: [Synth 8-6155] done synthesizing module 'dff' (12#1) [/home/users/aarzooag/ee108/lab1/lab1starterfiles/ff_lib.v:3]
INFO: [Synth 8-6157] synthesizing module 'button_press_unit' [/home/users/aarzooag/ee108/lab1/lab1starterfiles/button_press_unit.v:6]
	Parameter WIDTH bound to: 20 - type: integer 
INFO: [Synth 8-6157] synthesizing module 'brute_force_synchronizer' [/home/users/aarzooag/ee108/lab1/lab1starterfiles/brute_force_synchronizer.v:6]
INFO: [Synth 8-6157] synthesizing module 'dff__parameterized0' [/home/users/aarzooag/ee108/lab1/lab1starterfiles/ff_lib.v:3]
	Parameter WIDTH bound to: 1 - type: integer 
INFO: [Synth 8-6155] done synthesizing module 'dff__parameterized0' (12#1) [/home/users/aarzooag/ee108/lab1/lab1starterfiles/ff_lib.v:3]
INFO: [Synth 8-6155] done synthesizing module 'brute_force_synchronizer' (13#1) [/home/users/aarzooag/ee108/lab1/lab1starterfiles/brute_force_synchronizer.v:6]
INFO: [Synth 8-6157] synthesizing module 'debouncer' [/home/users/aarzooag/ee108/lab1/lab1starterfiles/debouncer.v:9]
	Parameter WIDTH bound to: 20 - type: integer 
INFO: [Synth 8-6157] synthesizing module 'dffr' [/home/users/aarzooag/ee108/lab1/lab1starterfiles/ff_lib.v:16]
	Parameter WIDTH bound to: 20 - type: integer 
INFO: [Synth 8-6155] done synthesizing module 'dffr' (14#1) [/home/users/aarzooag/ee108/lab1/lab1starterfiles/ff_lib.v:16]
INFO: [Synth 8-6157] synthesizing module 'dffr__parameterized0' [/home/users/aarzooag/ee108/lab1/lab1starterfiles/ff_lib.v:16]
	Parameter WIDTH bound to: 2 - type: integer 
INFO: [Synth 8-6155] done synthesizing module 'dffr__parameterized0' (14#1) [/home/users/aarzooag/ee108/lab1/lab1starterfiles/ff_lib.v:16]
INFO: [Synth 8-226] default block is never used [/home/users/aarzooag/ee108/lab1/lab1starterfiles/debouncer.v:48]
INFO: [Synth 8-6155] done synthesizing module 'debouncer' (15#1) [/home/users/aarzooag/ee108/lab1/lab1starterfiles/debouncer.v:9]
INFO: [Synth 8-6157] synthesizing module 'one_pulse' [/home/users/aarzooag/ee108/lab1/lab1starterfiles/one_pulse.v:7]
INFO: [Synth 8-6157] synthesizing module 'dffr__parameterized1' [/home/users/aarzooag/ee108/lab1/lab1starterfiles/ff_lib.v:16]
	Parameter WIDTH bound to: 1 - type: integer 
INFO: [Synth 8-6155] done synthesizing module 'dffr__parameterized1' (15#1) [/home/users/aarzooag/ee108/lab1/lab1starterfiles/ff_lib.v:16]
INFO: [Synth 8-6155] done synthesizing module 'one_pulse' (16#1) [/home/users/aarzooag/ee108/lab1/lab1starterfiles/one_pulse.v:7]
INFO: [Synth 8-6155] done synthesizing module 'button_press_unit' (17#1) [/home/users/aarzooag/ee108/lab1/lab1starterfiles/button_press_unit.v:6]
INFO: [Synth 8-6157] synthesizing module 'input_box' [/home/users/aarzooag/ee108/lab1/lab1starterfiles/input_box.v:3]
INFO: [Synth 8-6157] synthesizing module 'tcgrom' [/home/users/aarzooag/ee108/lab1/lab1starterfiles/tcgrom.v:4]
INFO: [Synth 8-6155] done synthesizing module 'tcgrom' (18#1) [/home/users/aarzooag/ee108/lab1/lab1starterfiles/tcgrom.v:4]
INFO: [Synth 8-6155] done synthesizing module 'input_box' (19#1) [/home/users/aarzooag/ee108/lab1/lab1starterfiles/input_box.v:3]
WARNING: [Synth 8-689] width (32) of port connection 'x' does not match port width (11) of module 'input_box' [/home/users/aarzooag/ee108/lab1/lab1starterfiles/lab1_interface.v:133]
WARNING: [Synth 8-689] width (32) of port connection 'y' does not match port width (10) of module 'input_box' [/home/users/aarzooag/ee108/lab1/lab1starterfiles/lab1_interface.v:134]
WARNING: [Synth 8-689] width (32) of port connection 'x' does not match port width (11) of module 'input_box' [/home/users/aarzooag/ee108/lab1/lab1starterfiles/lab1_interface.v:152]
WARNING: [Synth 8-689] width (32) of port connection 'y' does not match port width (10) of module 'input_box' [/home/users/aarzooag/ee108/lab1/lab1starterfiles/lab1_interface.v:153]
INFO: [Synth 8-638] synthesizing module 'vga_controller_800x480_60' [/home/users/aarzooag/ee108/lab1/lab1starterfiles/vga_controller_800x480_60.vhd:70]
INFO: [Synth 8-256] done synthesizing module 'vga_controller_800x480_60' (20#1) [/home/users/aarzooag/ee108/lab1/lab1starterfiles/vga_controller_800x480_60.vhd:70]
INFO: [Synth 8-6157] synthesizing module 'dff__parameterized1' [/home/users/aarzooag/ee108/lab1/lab1starterfiles/ff_lib.v:3]
	Parameter WIDTH bound to: 11 - type: integer 
INFO: [Synth 8-6155] done synthesizing module 'dff__parameterized1' (20#1) [/home/users/aarzooag/ee108/lab1/lab1starterfiles/ff_lib.v:3]
WARNING: [Synth 8-689] width (10) of port connection 'q' does not match port width (11) of module 'dff__parameterized1' [/home/users/aarzooag/ee108/lab1/lab1starterfiles/lab1_interface.v:310]
INFO: [Synth 8-6155] done synthesizing module 'lab1_interface' (21#1) [/home/users/aarzooag/ee108/lab1/lab1starterfiles/lab1_interface.v:13]
INFO: [Synth 8-6155] done synthesizing module 'lab1_top' (22#1) [/home/users/aarzooag/ee108/lab1/lab1starterfiles/lab1_top.v:1]
---------------------------------------------------------------------------------
Finished RTL Elaboration : Time (s): cpu = 00:00:04 ; elapsed = 00:00:10 . Memory (MB): peak = 2053.594 ; gain = 264.340 ; free physical = 132620 ; free virtual = 167416
---------------------------------------------------------------------------------

Report Check Netlist: 
+------+------------------+-------+---------+-------+------------------+
|      |Item              |Errors |Warnings |Status |Description       |
+------+------------------+-------+---------+-------+------------------+
|1     |multi_driven_nets |      0|        0|Passed |Multi driven nets |
+------+------------------+-------+---------+-------+------------------+
---------------------------------------------------------------------------------
Start Handling Custom Attributes
---------------------------------------------------------------------------------
---------------------------------------------------------------------------------
Finished Handling Custom Attributes : Time (s): cpu = 00:00:04 ; elapsed = 00:00:11 . Memory (MB): peak = 2056.562 ; gain = 267.309 ; free physical = 132628 ; free virtual = 167424
---------------------------------------------------------------------------------
---------------------------------------------------------------------------------
Finished RTL Optimization Phase 1 : Time (s): cpu = 00:00:04 ; elapsed = 00:00:11 . Memory (MB): peak = 2056.562 ; gain = 267.309 ; free physical = 132628 ; free virtual = 167424
---------------------------------------------------------------------------------
Netlist sorting complete. Time (s): cpu = 00:00:00.02 ; elapsed = 00:00:00.02 . Memory (MB): peak = 2056.562 ; gain = 0.000 ; free physical = 132627 ; free virtual = 167423
INFO: [Project 1-570] Preparing netlist for logic optimization

Processing XDC Constraints
Initializing timing engine
Parsing XDC File [/home/users/aarzooag/ee108/lab1/lab1/lab1.srcs/sources_1/ip/hdmi_tx_0/hdmi_tx_0/hdmi_tx_0_in_context.xdc] for cell 'U3'
Finished Parsing XDC File [/home/users/aarzooag/ee108/lab1/lab1/lab1.srcs/sources_1/ip/hdmi_tx_0/hdmi_tx_0/hdmi_tx_0_in_context.xdc] for cell 'U3'
Parsing XDC File [/home/users/aarzooag/ee108/lab1/lab1/lab1.srcs/sources_1/ip/clk_wiz_0_1/clk_wiz_0/clk_wiz_0_in_context.xdc] for cell 'U2'
Finished Parsing XDC File [/home/users/aarzooag/ee108/lab1/lab1/lab1.srcs/sources_1/ip/clk_wiz_0_1/clk_wiz_0/clk_wiz_0_in_context.xdc] for cell 'U2'
Parsing XDC File [/home/users/aarzooag/ee108/lab1/lab1starterfiles/lab1.xdc]
Finished Parsing XDC File [/home/users/aarzooag/ee108/lab1/lab1starterfiles/lab1.xdc]
INFO: [Project 1-236] Implementation specific constraints were found while reading constraint file [/home/users/aarzooag/ee108/lab1/lab1starterfiles/lab1.xdc]. These constraints will be ignored for synthesis but will be used in implementation. Impacted constraints are listed in the file [.Xil/lab1_top_propImpl.xdc].
Resolution: To avoid this warning, move constraints listed in [.Xil/lab1_top_propImpl.xdc] to another XDC file and exclude this new file from synthesis with the used_in_synthesis property (File Properties dialog in GUI) and re-run elaboration/synthesis.
Completed Processing XDC Constraints

Netlist sorting complete. Time (s): cpu = 00:00:00 ; elapsed = 00:00:00 . Memory (MB): peak = 2206.250 ; gain = 0.000 ; free physical = 132603 ; free virtual = 167399
INFO: [Project 1-111] Unisim Transformation Summary:
No Unisim elements were transformed.

Constraint Validation Runtime : Time (s): cpu = 00:00:00 ; elapsed = 00:00:00.02 . Memory (MB): peak = 2206.250 ; gain = 0.000 ; free physical = 132603 ; free virtual = 167399
---------------------------------------------------------------------------------
Finished Constraint Validation : Time (s): cpu = 00:00:10 ; elapsed = 00:00:21 . Memory (MB): peak = 2206.250 ; gain = 416.996 ; free physical = 132673 ; free virtual = 167470
---------------------------------------------------------------------------------
---------------------------------------------------------------------------------
Start Loading Part and Timing Information
---------------------------------------------------------------------------------
Loading part: xc7z020clg400-1
---------------------------------------------------------------------------------
Finished Loading Part and Timing Information : Time (s): cpu = 00:00:10 ; elapsed = 00:00:21 . Memory (MB): peak = 2206.250 ; gain = 416.996 ; free physical = 132673 ; free virtual = 167469
---------------------------------------------------------------------------------
---------------------------------------------------------------------------------
Start Applying 'set_property' XDC Constraints
---------------------------------------------------------------------------------
Applied set_property IO_BUFFER_TYPE = NONE for TMDS_Clk_n. (constraint file  /home/users/aarzooag/ee108/lab1/lab1/lab1.srcs/sources_1/ip/hdmi_tx_0/hdmi_tx_0/hdmi_tx_0_in_context.xdc, line 1).
Applied set_property CLOCK_BUFFER_TYPE = NONE for TMDS_Clk_n. (constraint file  /home/users/aarzooag/ee108/lab1/lab1/lab1.srcs/sources_1/ip/hdmi_tx_0/hdmi_tx_0/hdmi_tx_0_in_context.xdc, line 2).
Applied set_property IO_BUFFER_TYPE = NONE for TMDS_Clk_p. (constraint file  /home/users/aarzooag/ee108/lab1/lab1/lab1.srcs/sources_1/ip/hdmi_tx_0/hdmi_tx_0/hdmi_tx_0_in_context.xdc, line 3).
Applied set_property CLOCK_BUFFER_TYPE = NONE for TMDS_Clk_p. (constraint file  /home/users/aarzooag/ee108/lab1/lab1/lab1.srcs/sources_1/ip/hdmi_tx_0/hdmi_tx_0/hdmi_tx_0_in_context.xdc, line 4).
Applied set_property IO_BUFFER_TYPE = NONE for TMDS_Data_n[0]. (constraint file  /home/users/aarzooag/ee108/lab1/lab1/lab1.srcs/sources_1/ip/hdmi_tx_0/hdmi_tx_0/hdmi_tx_0_in_context.xdc, line 5).
Applied set_property CLOCK_BUFFER_TYPE = NONE for TMDS_Data_n[0]. (constraint file  /home/users/aarzooag/ee108/lab1/lab1/lab1.srcs/sources_1/ip/hdmi_tx_0/hdmi_tx_0/hdmi_tx_0_in_context.xdc, line 6).
Applied set_property IO_BUFFER_TYPE = NONE for TMDS_Data_n[1]. (constraint file  /home/users/aarzooag/ee108/lab1/lab1/lab1.srcs/sources_1/ip/hdmi_tx_0/hdmi_tx_0/hdmi_tx_0_in_context.xdc, line 7).
Applied set_property CLOCK_BUFFER_TYPE = NONE for TMDS_Data_n[1]. (constraint file  /home/users/aarzooag/ee108/lab1/lab1/lab1.srcs/sources_1/ip/hdmi_tx_0/hdmi_tx_0/hdmi_tx_0_in_context.xdc, line 8).
Applied set_property IO_BUFFER_TYPE = NONE for TMDS_Data_n[2]. (constraint file  /home/users/aarzooag/ee108/lab1/lab1/lab1.srcs/sources_1/ip/hdmi_tx_0/hdmi_tx_0/hdmi_tx_0_in_context.xdc, line 9).
Applied set_property CLOCK_BUFFER_TYPE = NONE for TMDS_Data_n[2]. (constraint file  /home/users/aarzooag/ee108/lab1/lab1/lab1.srcs/sources_1/ip/hdmi_tx_0/hdmi_tx_0/hdmi_tx_0_in_context.xdc, line 10).
Applied set_property IO_BUFFER_TYPE = NONE for TMDS_Data_p[0]. (constraint file  /home/users/aarzooag/ee108/lab1/lab1/lab1.srcs/sources_1/ip/hdmi_tx_0/hdmi_tx_0/hdmi_tx_0_in_context.xdc, line 11).
Applied set_property CLOCK_BUFFER_TYPE = NONE for TMDS_Data_p[0]. (constraint file  /home/users/aarzooag/ee108/lab1/lab1/lab1.srcs/sources_1/ip/hdmi_tx_0/hdmi_tx_0/hdmi_tx_0_in_context.xdc, line 12).
Applied set_property IO_BUFFER_TYPE = NONE for TMDS_Data_p[1]. (constraint file  /home/users/aarzooag/ee108/lab1/lab1/lab1.srcs/sources_1/ip/hdmi_tx_0/hdmi_tx_0/hdmi_tx_0_in_context.xdc, line 13).
Applied set_property CLOCK_BUFFER_TYPE = NONE for TMDS_Data_p[1]. (constraint file  /home/users/aarzooag/ee108/lab1/lab1/lab1.srcs/sources_1/ip/hdmi_tx_0/hdmi_tx_0/hdmi_tx_0_in_context.xdc, line 14).
Applied set_property IO_BUFFER_TYPE = NONE for TMDS_Data_p[2]. (constraint file  /home/users/aarzooag/ee108/lab1/lab1/lab1.srcs/sources_1/ip/hdmi_tx_0/hdmi_tx_0/hdmi_tx_0_in_context.xdc, line 15).
Applied set_property CLOCK_BUFFER_TYPE = NONE for TMDS_Data_p[2]. (constraint file  /home/users/aarzooag/ee108/lab1/lab1/lab1.srcs/sources_1/ip/hdmi_tx_0/hdmi_tx_0/hdmi_tx_0_in_context.xdc, line 16).
Applied set_property IO_BUFFER_TYPE = NONE for sysclk. (constraint file  /home/users/aarzooag/ee108/lab1/lab1/lab1.srcs/sources_1/ip/clk_wiz_0_1/clk_wiz_0/clk_wiz_0_in_context.xdc, line 4).
Applied set_property CLOCK_BUFFER_TYPE = NONE for sysclk. (constraint file  /home/users/aarzooag/ee108/lab1/lab1/lab1.srcs/sources_1/ip/clk_wiz_0_1/clk_wiz_0/clk_wiz_0_in_context.xdc, line 5).
Applied set_property DONT_TOUCH = true for U3. (constraint file  auto generated constraint, line ).
Applied set_property DONT_TOUCH = true for U2. (constraint file  auto generated constraint, line ).
---------------------------------------------------------------------------------
Finished applying 'set_property' XDC Constraints : Time (s): cpu = 00:00:10 ; elapsed = 00:00:22 . Memory (MB): peak = 2206.250 ; gain = 416.996 ; free physical = 132673 ; free virtual = 167469
---------------------------------------------------------------------------------
INFO: [Synth 8-5546] ROM "out" won't be mapped to RAM because it is too sparse
INFO: [Synth 8-5818] HDL ADVISOR - The operator resource <adder> is shared. To prevent sharing consider applying a KEEP on the output of the operator [/home/users/aarzooag/ee108/lab1/lab1starterfiles/input_box.v:40]
INFO: [Synth 8-5546] ROM "value0" won't be mapped to RAM because it is too sparse
INFO: [Synth 8-5546] ROM "rom_base_addr" won't be mapped to RAM because it is too sparse
INFO: [Synth 8-5546] ROM "rom_base_addr" won't be mapped to RAM because it is too sparse
INFO: [Synth 8-5546] ROM "rom_base_addr" won't be mapped to RAM because it is too sparse
INFO: [Synth 8-5546] ROM "rom_base_addr" won't be mapped to RAM because it is too sparse
---------------------------------------------------------------------------------
Finished RTL Optimization Phase 2 : Time (s): cpu = 00:00:10 ; elapsed = 00:00:23 . Memory (MB): peak = 2206.250 ; gain = 416.996 ; free physical = 132678 ; free virtual = 167475
---------------------------------------------------------------------------------

Report RTL Partitions: 
+-+--------------+------------+----------+
| |RTL Partition |Replication |Instances |
+-+--------------+------------+----------+
+-+--------------+------------+----------+
---------------------------------------------------------------------------------
Start RTL Component Statistics 
---------------------------------------------------------------------------------
Detailed RTL Component Info : 
+---Adders : 
	   2 Input     32 Bit       Adders := 2     
	   2 Input     27 Bit       Adders := 1     
	   2 Input     20 Bit       Adders := 4     
	   3 Input     12 Bit       Adders := 2     
	   2 Input     12 Bit       Adders := 1     
	   2 Input     11 Bit       Adders := 4     
	   2 Input      9 Bit       Adders := 2     
	   3 Input      8 Bit       Adders := 8     
	   2 Input      8 Bit       Adders := 4     
	   2 Input      6 Bit       Adders := 14    
	   2 Input      4 Bit       Adders := 2     
+---XORs : 
	   2 Input     32 Bit         XORs := 1     
	   3 Input      8 Bit         XORs := 3     
+---XORs : 
	                4 Bit    Wide XORs := 1     
+---Registers : 
	               64 Bit    Registers := 4     
	               27 Bit    Registers := 1     
	               20 Bit    Registers := 4     
	               11 Bit    Registers := 4     
	                4 Bit    Registers := 2     
	                2 Bit    Registers := 4     
	                1 Bit    Registers := 21    
+---Muxes : 
	 130 Input     64 Bit        Muxes := 2     
	   2 Input     32 Bit        Muxes := 1     
	   8 Input     32 Bit        Muxes := 1     
	   2 Input      9 Bit        Muxes := 7     
	  19 Input      9 Bit        Muxes := 1     
	  17 Input      9 Bit        Muxes := 1     
	  11 Input      9 Bit        Muxes := 2     
	   9 Input      8 Bit        Muxes := 4     
	   2 Input      8 Bit        Muxes := 14    
	   6 Input      8 Bit        Muxes := 4     
	   3 Input      8 Bit        Muxes := 2     
	   2 Input      7 Bit        Muxes := 2     
	   2 Input      6 Bit        Muxes := 2     
	   9 Input      3 Bit        Muxes := 5     
	   6 Input      3 Bit        Muxes := 4     
	   6 Input      2 Bit        Muxes := 5     
	   2 Input      2 Bit        Muxes := 2     
	   4 Input      1 Bit        Muxes := 4     
	   2 Input      1 Bit        Muxes := 4     
---------------------------------------------------------------------------------
Finished RTL Component Statistics 
---------------------------------------------------------------------------------
---------------------------------------------------------------------------------
Start RTL Hierarchical Component Statistics 
---------------------------------------------------------------------------------
Hierarchical RTL Component report 
Module arbiter 
Detailed RTL Component Info : 
+---Muxes : 
	   9 Input      8 Bit        Muxes := 1     
Module encoder 
Detailed RTL Component Info : 
+---Muxes : 
	   9 Input      3 Bit        Muxes := 1     
Module rotator 
Detailed RTL Component Info : 
+---Muxes : 
	   2 Input      8 Bit        Muxes := 1     
Module hash_round 
Detailed RTL Component Info : 
+---Adders : 
	   3 Input      8 Bit       Adders := 1     
Module hash_round__parameterized0 
Detailed RTL Component Info : 
+---Adders : 
	   3 Input      8 Bit       Adders := 1     
Module hash_round__parameterized1 
Detailed RTL Component Info : 
+---Adders : 
	   3 Input      8 Bit       Adders := 1     
Module hash_round__parameterized2 
Detailed RTL Component Info : 
+---Adders : 
	   3 Input      8 Bit       Adders := 1     
Module hash_round__parameterized3 
Detailed RTL Component Info : 
+---Adders : 
	   3 Input      8 Bit       Adders := 1     
Module hash_round__parameterized4 
Detailed RTL Component Info : 
+---Adders : 
	   3 Input      8 Bit       Adders := 1     
+---XORs : 
	   3 Input      8 Bit         XORs := 1     
Module hash_round__parameterized5 
Detailed RTL Component Info : 
+---Adders : 
	   3 Input      8 Bit       Adders := 1     
+---XORs : 
	   3 Input      8 Bit         XORs := 1     
Module hash_round__parameterized6 
Detailed RTL Component Info : 
+---Adders : 
	   3 Input      8 Bit       Adders := 1     
+---XORs : 
	   3 Input      8 Bit         XORs := 1     
Module rotator__parameterized0 
Detailed RTL Component Info : 
+---Muxes : 
	   2 Input     32 Bit        Muxes := 1     
Module hasher 
Detailed RTL Component Info : 
+---XORs : 
	   2 Input     32 Bit         XORs := 1     
+---XORs : 
	                4 Bit    Wide XORs := 1     
Module hash_rom 
Detailed RTL Component Info : 
+---Muxes : 
	   8 Input     32 Bit        Muxes := 1     
Module dff 
Detailed RTL Component Info : 
+---Registers : 
	               27 Bit    Registers := 1     
Module dff__parameterized0 
Detailed RTL Component Info : 
+---Registers : 
	                1 Bit    Registers := 1     
Module dffr 
Detailed RTL Component Info : 
+---Registers : 
	               20 Bit    Registers := 1     
Module dffr__parameterized0 
Detailed RTL Component Info : 
+---Registers : 
	                2 Bit    Registers := 1     
Module debouncer 
Detailed RTL Component Info : 
+---Adders : 
	   2 Input     20 Bit       Adders := 1     
+---Muxes : 
	   6 Input      2 Bit        Muxes := 1     
	   4 Input      1 Bit        Muxes := 1     
Module dffr__parameterized1 
Detailed RTL Component Info : 
+---Registers : 
	                1 Bit    Registers := 1     
Module input_box 
Detailed RTL Component Info : 
+---Adders : 
	   2 Input     32 Bit       Adders := 1     
	   3 Input     12 Bit       Adders := 1     
	   2 Input      9 Bit       Adders := 1     
	   2 Input      8 Bit       Adders := 2     
	   2 Input      6 Bit       Adders := 7     
	   2 Input      4 Bit       Adders := 1     
+---Registers : 
	               64 Bit    Registers := 1     
	                4 Bit    Registers := 1     
+---Muxes : 
	 130 Input     64 Bit        Muxes := 1     
	   2 Input      9 Bit        Muxes := 2     
	   6 Input      8 Bit        Muxes := 2     
	   2 Input      8 Bit        Muxes := 3     
	   3 Input      8 Bit        Muxes := 1     
	   2 Input      7 Bit        Muxes := 1     
	   2 Input      6 Bit        Muxes := 1     
	   6 Input      3 Bit        Muxes := 2     
	   2 Input      2 Bit        Muxes := 1     
	   2 Input      1 Bit        Muxes := 1     
Module vga_controller_800x480_60 
Detailed RTL Component Info : 
+---Adders : 
	   2 Input     11 Bit       Adders := 2     
+---Registers : 
	               11 Bit    Registers := 2     
	                1 Bit    Registers := 3     
+---Muxes : 
	   2 Input      1 Bit        Muxes := 2     
Module dff__parameterized1 
Detailed RTL Component Info : 
+---Registers : 
	               11 Bit    Registers := 1     
Module lab1_interface 
Detailed RTL Component Info : 
+---Adders : 
	   2 Input     27 Bit       Adders := 1     
	   2 Input     12 Bit       Adders := 1     
	   2 Input     11 Bit       Adders := 2     
+---Registers : 
	               64 Bit    Registers := 2     
	                1 Bit    Registers := 1     
+---Muxes : 
	  19 Input      9 Bit        Muxes := 1     
	   2 Input      9 Bit        Muxes := 3     
	  17 Input      9 Bit        Muxes := 1     
	  11 Input      9 Bit        Muxes := 2     
	   6 Input      2 Bit        Muxes := 1     
---------------------------------------------------------------------------------
Finished RTL Hierarchical Component Statistics
---------------------------------------------------------------------------------
---------------------------------------------------------------------------------
Start Part Resource Summary
---------------------------------------------------------------------------------
Part Resources:
DSPs: 220 (col length:60)
BRAMs: 280 (col length: RAMB18 60 RAMB36 30)
---------------------------------------------------------------------------------
Finished Part Resource Summary
---------------------------------------------------------------------------------
---------------------------------------------------------------------------------
Start Cross Boundary and Area Optimization
---------------------------------------------------------------------------------
Warning: Parallel synthesis criteria is not met 
INFO: [Synth 8-5546] ROM "value_length_finder/enc_one/out" won't be mapped to RAM because it is too sparse
INFO: [Synth 8-5546] ROM "value_length_finder/enc_one/out" won't be mapped to RAM because it is too sparse
WARNING: [Synth 8-3936] Found unconnected internal register 'y_dff/q_reg' and it is trimmed from '11' to '10' bits. [/home/users/aarzooag/ee108/lab1/lab1starterfiles/ff_lib.v:10]
INFO: [Synth 8-5546] ROM "rom_base_addr" won't be mapped to RAM because it is too sparse
INFO: [Synth 8-5546] ROM "user_verifier/lf_pass/enc_one/out" won't be mapped to RAM because it is too sparse
INFO: [Synth 8-5546] ROM "user_verifier/lf_usern/enc_one/out" won't be mapped to RAM because it is too sparse
INFO: [Synth 8-5546] ROM "user_verifier/usern_cam/enc_incam/out" won't be mapped to RAM because it is too sparse
---------------------------------------------------------------------------------
Finished Cross Boundary and Area Optimization : Time (s): cpu = 00:00:17 ; elapsed = 00:00:30 . Memory (MB): peak = 2206.250 ; gain = 416.996 ; free physical = 132605 ; free virtual = 167406
---------------------------------------------------------------------------------
---------------------------------------------------------------------------------
Start ROM, RAM, DSP and Shift Register Reporting
---------------------------------------------------------------------------------

ROM:
+------------+---------------+---------------+----------------+
|Module Name | RTL Object    | Depth x Width | Implemented As | 
+------------+---------------+---------------+----------------+
|tcgrom      | data          | 512x8         | LUT            | 
|input_box   | char_rom/data | 512x8         | LUT            | 
|input_box   | char_rom/data | 512x8         | LUT            | 
+------------+---------------+---------------+----------------+

---------------------------------------------------------------------------------
Finished ROM, RAM, DSP and Shift Register Reporting
---------------------------------------------------------------------------------

Report RTL Partitions: 
+-+--------------+------------+----------+
| |RTL Partition |Replication |Instances |
+-+--------------+------------+----------+
+-+--------------+------------+----------+
---------------------------------------------------------------------------------
Start Applying XDC Timing Constraints
---------------------------------------------------------------------------------
---------------------------------------------------------------------------------
Finished Applying XDC Timing Constraints : Time (s): cpu = 00:00:22 ; elapsed = 00:00:42 . Memory (MB): peak = 2206.250 ; gain = 416.996 ; free physical = 132535 ; free virtual = 167335
---------------------------------------------------------------------------------
---------------------------------------------------------------------------------
Start Timing Optimization
---------------------------------------------------------------------------------
---------------------------------------------------------------------------------
Finished Timing Optimization : Time (s): cpu = 00:00:26 ; elapsed = 00:00:46 . Memory (MB): peak = 2248.180 ; gain = 458.926 ; free physical = 132450 ; free virtual = 167251
---------------------------------------------------------------------------------

Report RTL Partitions: 
+-+--------------+------------+----------+
| |RTL Partition |Replication |Instances |
+-+--------------+------------+----------+
+-+--------------+------------+----------+
---------------------------------------------------------------------------------
Start Technology Mapping
---------------------------------------------------------------------------------
---------------------------------------------------------------------------------
Finished Technology Mapping : Time (s): cpu = 00:00:27 ; elapsed = 00:00:47 . Memory (MB): peak = 2248.180 ; gain = 458.926 ; free physical = 132454 ; free virtual = 167255
---------------------------------------------------------------------------------

Report RTL Partitions: 
+-+--------------+------------+----------+
| |RTL Partition |Replication |Instances |
+-+--------------+------------+----------+
+-+--------------+------------+----------+
---------------------------------------------------------------------------------
Start IO Insertion
---------------------------------------------------------------------------------
---------------------------------------------------------------------------------
Start Flattening Before IO Insertion
---------------------------------------------------------------------------------
---------------------------------------------------------------------------------
Finished Flattening Before IO Insertion
---------------------------------------------------------------------------------
---------------------------------------------------------------------------------
Start Final Netlist Cleanup
---------------------------------------------------------------------------------
---------------------------------------------------------------------------------
Finished Final Netlist Cleanup
---------------------------------------------------------------------------------
---------------------------------------------------------------------------------
Finished IO Insertion : Time (s): cpu = 00:00:29 ; elapsed = 00:00:49 . Memory (MB): peak = 2248.180 ; gain = 458.926 ; free physical = 132457 ; free virtual = 167258
---------------------------------------------------------------------------------
---------------------------------------------------------------------------------
Start Renaming Generated Instances
---------------------------------------------------------------------------------
---------------------------------------------------------------------------------
Finished Renaming Generated Instances : Time (s): cpu = 00:00:29 ; elapsed = 00:00:49 . Memory (MB): peak = 2248.180 ; gain = 458.926 ; free physical = 132457 ; free virtual = 167258
---------------------------------------------------------------------------------

Report RTL Partitions: 
+-+--------------+------------+----------+
| |RTL Partition |Replication |Instances |
+-+--------------+------------+----------+
+-+--------------+------------+----------+

Report Check Netlist: 
+------+------------------+-------+---------+-------+------------------+
|      |Item              |Errors |Warnings |Status |Description       |
+------+------------------+-------+---------+-------+------------------+
|1     |multi_driven_nets |      0|        0|Passed |Multi driven nets |
+------+------------------+-------+---------+-------+------------------+
---------------------------------------------------------------------------------
Start Rebuilding User Hierarchy
---------------------------------------------------------------------------------
---------------------------------------------------------------------------------
Finished Rebuilding User Hierarchy : Time (s): cpu = 00:00:29 ; elapsed = 00:00:50 . Memory (MB): peak = 2248.180 ; gain = 458.926 ; free physical = 132457 ; free virtual = 167258
---------------------------------------------------------------------------------
---------------------------------------------------------------------------------
Start Renaming Generated Ports
---------------------------------------------------------------------------------
---------------------------------------------------------------------------------
Finished Renaming Generated Ports : Time (s): cpu = 00:00:29 ; elapsed = 00:00:50 . Memory (MB): peak = 2248.180 ; gain = 458.926 ; free physical = 132459 ; free virtual = 167260
---------------------------------------------------------------------------------
---------------------------------------------------------------------------------
Start Handling Custom Attributes
---------------------------------------------------------------------------------
---------------------------------------------------------------------------------
Finished Handling Custom Attributes : Time (s): cpu = 00:00:30 ; elapsed = 00:00:50 . Memory (MB): peak = 2248.180 ; gain = 458.926 ; free physical = 132459 ; free virtual = 167260
---------------------------------------------------------------------------------
---------------------------------------------------------------------------------
Start Renaming Generated Nets
---------------------------------------------------------------------------------
---------------------------------------------------------------------------------
Finished Renaming Generated Nets : Time (s): cpu = 00:00:30 ; elapsed = 00:00:50 . Memory (MB): peak = 2248.180 ; gain = 458.926 ; free physical = 132459 ; free virtual = 167260
---------------------------------------------------------------------------------
---------------------------------------------------------------------------------
Start Writing Synthesis Report
---------------------------------------------------------------------------------

Report BlackBoxes: 
+------+--------------+----------+
|      |BlackBox name |Instances |
+------+--------------+----------+
|1     |clk_wiz_0     |         1|
|2     |hdmi_tx_0     |         1|
+------+--------------+----------+

Report Cell Usage: 
+------+----------+------+
|      |Cell      |Count |
+------+----------+------+
|1     |clk_wiz_0 |     1|
|2     |hdmi_tx_0 |     1|
|3     |CARRY4    |   122|
|4     |LUT1      |    36|
|5     |LUT2      |    74|
|6     |LUT3      |   309|
|7     |LUT4      |   273|
|8     |LUT5      |    95|
|9     |LUT6      |   545|
|10    |MUXF7     |    82|
|11    |MUXF8     |    12|
|12    |FDRE      |   440|
|13    |IBUF      |     6|
|14    |OBUF      |     4|
+------+----------+------+

Report Instance Areas: 
+------+---------------------------+----------------------------+------+
|      |Instance                   |Module                      |Cells |
+------+---------------------------+----------------------------+------+
|1     |top                        |                            |  2009|
|2     |  interface                |lab1_interface              |  1719|
|3     |    bpu1                   |button_press_unit           |    46|
|4     |      debounce             |debouncer_27                |    42|
|5     |        counter            |dffr_34                     |    37|
|6     |        state              |dffr__parameterized0_35     |     5|
|7     |      one_pulse            |one_pulse_28                |     1|
|8     |        last_value_storage |dffr__parameterized1_33     |     1|
|9     |      sync                 |brute_force_synchronizer_29 |     3|
|10    |        ff1                |dff__parameterized0_30      |     1|
|11    |        ff2                |dff__parameterized0_31      |     1|
|12    |        ff3                |dff__parameterized0_32      |     1|
|13    |    bpu2                   |button_press_unit_0         |    48|
|14    |      debounce             |debouncer_18                |    43|
|15    |        counter            |dffr_25                     |    37|
|16    |        state              |dffr__parameterized0_26     |     6|
|17    |      one_pulse            |one_pulse_19                |     2|
|18    |        last_value_storage |dffr__parameterized1_24     |     2|
|19    |      sync                 |brute_force_synchronizer_20 |     3|
|20    |        ff1                |dff__parameterized0_21      |     1|
|21    |        ff2                |dff__parameterized0_22      |     1|
|22    |        ff3                |dff__parameterized0_23      |     1|
|23    |    bpu3                   |button_press_unit_1         |    46|
|24    |      debounce             |debouncer_9                 |    42|
|25    |        counter            |dffr_16                     |    37|
|26    |        state              |dffr__parameterized0_17     |     5|
|27    |      one_pulse            |one_pulse_10                |     1|
|28    |        last_value_storage |dffr__parameterized1_15     |     1|
|29    |      sync                 |brute_force_synchronizer_11 |     3|
|30    |        ff1                |dff__parameterized0_12      |     1|
|31    |        ff2                |dff__parameterized0_13      |     1|
|32    |        ff3                |dff__parameterized0_14      |     1|
|33    |    bpu4                   |button_press_unit_2         |    46|
|34    |      debounce             |debouncer                   |    41|
|35    |        counter            |dffr                        |    37|
|36    |        state              |dffr__parameterized0        |     4|
|37    |      one_pulse            |one_pulse_5                 |     2|
|38    |        last_value_storage |dffr__parameterized1_8      |     2|
|39    |      sync                 |brute_force_synchronizer    |     3|
|40    |        ff1                |dff__parameterized0         |     1|
|41    |        ff2                |dff__parameterized0_6       |     1|
|42    |        ff3                |dff__parameterized0_7       |     1|
|43    |    led_div                |dff                         |    35|
|44    |    next_char_pulser       |one_pulse                   |     1|
|45    |      last_value_storage   |dffr__parameterized1        |     1|
|46    |    pass_box               |input_box                   |   238|
|47    |    usr_box                |input_box_3                 |   219|
|48    |    vga_control            |vga_controller_800x480_60   |    69|
|49    |    x_dff                  |dff__parameterized1         |   113|
|50    |    y_dff                  |dff__parameterized1_4       |   309|
|51    |  user_verifier            |verifier                    |   269|
|52    |    passw_hasher           |hasher                      |   204|
|53    |      hasher4              |hash_round__parameterized3  |    94|
|54    |      hasher5              |hash_round__parameterized4  |     4|
|55    |      hasher6              |hash_round__parameterized5  |     2|
|56    |      hasher7              |hash_round__parameterized6  |   104|
|57    |    usern_cam              |cam                         |    60|
+------+---------------------------+----------------------------+------+
---------------------------------------------------------------------------------
Finished Writing Synthesis Report : Time (s): cpu = 00:00:30 ; elapsed = 00:00:50 . Memory (MB): peak = 2248.180 ; gain = 458.926 ; free physical = 132459 ; free virtual = 167260
---------------------------------------------------------------------------------
Synthesis finished with 0 errors, 0 critical warnings and 1 warnings.
Synthesis Optimization Runtime : Time (s): cpu = 00:00:27 ; elapsed = 00:00:46 . Memory (MB): peak = 2248.180 ; gain = 309.238 ; free physical = 132513 ; free virtual = 167314
Synthesis Optimization Complete : Time (s): cpu = 00:00:30 ; elapsed = 00:00:50 . Memory (MB): peak = 2248.188 ; gain = 458.926 ; free physical = 132516 ; free virtual = 167317
INFO: [Project 1-571] Translating synthesized netlist
Netlist sorting complete. Time (s): cpu = 00:00:00.03 ; elapsed = 00:00:00.02 . Memory (MB): peak = 2248.188 ; gain = 0.000 ; free physical = 132578 ; free virtual = 167379
INFO: [Netlist 29-17] Analyzing 216 Unisim elements for replacement
INFO: [Netlist 29-28] Unisim Transformation completed in 0 CPU seconds
INFO: [Project 1-570] Preparing netlist for logic optimization
INFO: [Opt 31-138] Pushed 0 inverter(s) to 0 load pin(s).
Netlist sorting complete. Time (s): cpu = 00:00:00 ; elapsed = 00:00:00.01 . Memory (MB): peak = 2280.195 ; gain = 0.000 ; free physical = 132542 ; free virtual = 167343
INFO: [Project 1-111] Unisim Transformation Summary:
No Unisim elements were transformed.

INFO: [Common 17-83] Releasing license: Synthesis
98 Infos, 8 Warnings, 0 Critical Warnings and 0 Errors encountered.
synth_design completed successfully
synth_design: Time (s): cpu = 00:00:37 ; elapsed = 00:01:13 . Memory (MB): peak = 2280.195 ; gain = 745.660 ; free physical = 132642 ; free virtual = 167443
Netlist sorting complete. Time (s): cpu = 00:00:00 ; elapsed = 00:00:00 . Memory (MB): peak = 2280.195 ; gain = 0.000 ; free physical = 132642 ; free virtual = 167443
WARNING: [Constraints 18-5210] No constraints selected for write.
Resolution: This message can indicate that there are no constraints for the design, or it can indicate that the used_in flags are set such that the constraints are ignored. This later case is used when running synth_design to not write synthesis constraints to the resulting checkpoint. Instead, project constraints are read when the synthesized design is opened.
INFO: [Common 17-1381] The checkpoint '/home/users/aarzooag/ee108/lab1/lab1/lab1.runs/synth_1/lab1_top.dcp' has been generated.
INFO: [runtcl-4] Executing : report_utilization -file lab1_top_utilization_synth.rpt -pb lab1_top_utilization_synth.pb
INFO: [Common 17-206] Exiting Vivado at Wed Oct  9 09:15:29 2024...
